<?xml version="1.0" encoding="UTF-8"?>
<!-- Generated by org.testng.reporters.JUnitReportReporter -->
<testsuite hostname="LAPTOP-U1C9H6GK" failures="0" tests="1" name="com.dalalStreet.testLayer.B1_LoginPageTest" time="27.591" errors="0" timestamp="2023-03-11T18:58:24 IST" skipped="0">
  <testcase classname="com.dalalStreet.testLayer.B1_LoginPageTest" name="verifyLoginWithCorrectCred" time="27.591"/>
  <system-out/>
</testsuite> <!-- com.dalalStreet.testLayer.B1_LoginPageTest -->
