<?xml version="1.0" encoding="UTF-8"?>
<!-- Generated by org.testng.reporters.JUnitReportReporter -->
<testsuite hostname="LAPTOP-U1C9H6GK" failures="0" tests="5" name="testCaseWithMultipleData.LoginPageTest" time="110.453" errors="0" timestamp="2023-02-13T01:50:59 IST" skipped="0">
  <testcase classname="testCaseWithMultipleData.LoginPageTest" name="verifyLoginWithCorrectCred" time="11.642"/>
  <system-out/>
  <testcase classname="testCaseWithMultipleData.LoginPageTest" name="verifyLoginWithCorrectCred" time="11.670"/>
  <system-out/>
  <testcase classname="testCaseWithMultipleData.LoginPageTest" name="verifyLoginWithCorrectCred" time="35.782"/>
  <system-out/>
  <testcase classname="testCaseWithMultipleData.LoginPageTest" name="verifyLoginWithCorrectCred" time="10.552"/>
  <system-out/>
  <testcase classname="testCaseWithMultipleData.LoginPageTest" name="verifyLoginWithCorrectCred" time="40.807"/>
  <system-out/>
</testsuite> <!-- testCaseWithMultipleData.LoginPageTest -->
