<?xml version="1.0" encoding="UTF-8"?>
<!-- Generated by org.testng.reporters.JUnitReportReporter -->
<testsuite hostname="LAPTOP-U1C9H6GK" failures="0" tests="1" name="com.dalalStreet.testLayer.B1_LoginPageTest" time="9.552" errors="0" timestamp="2023-02-13T01:51:46 IST" skipped="0">
  <testcase classname="com.dalalStreet.testLayer.B1_LoginPageTest" name="verifyLoginWithCorrectCred" time="9.552"/>
  <system-out/>
</testsuite> <!-- com.dalalStreet.testLayer.B1_LoginPageTest -->
